2016-10-13 00:00:27,010 [ServerScheduler_Worker-10] ERROR PMSoft.TimingSchedulerServer.Job.TimeIntervalStatistics15Minute - 15分组统计发生错误发生一个或多个错误。
 PMSoft.TimingSchedulerServer.Job.TimeIntervalStatistics15Minutename2016-10-13 00:16:20,369 [ServerScheduler_Worker-1] ERROR PMSoft.TimingSchedulerServer.Job.TimeIntervalStatistics15Minute - 15分组统计发生错误发生一个或多个错误。
 PMSoft.TimingSchedulerServer.Job.TimeIntervalStatistics15Minutename2016-10-13 00:30:25,007 [ServerScheduler_Worker-3] ERROR PMSoft.TimingSchedulerServer.Job.TimeIntervalStatistics1Hour - 1小时统计发生错误连接超时时间已到。在尝试使用预登录握手确认时超过了此超时时间。这可能是因为预登录握手失败或服务器未能及时响应。  尝试连接到此服务器时花费的持续时间是 - [Pre-Login] initialization=11492；handshake=3514；
 PMSoft.TimingSchedulerServer.Job.TimeIntervalStatistics1Hourname2016-10-13 00:30:25,007 [ServerScheduler_Worker-2] ERROR PMSoft.TimingSchedulerServer.Job.TimeIntervalStatistics15Minute - 15分组统计发生错误发生一个或多个错误。
 PMSoft.TimingSchedulerServer.Job.TimeIntervalStatistics15Minutename2016-10-13 00:45:52,466 [ServerScheduler_Worker-4] ERROR PMSoft.TimingSchedulerServer.Job.TimeIntervalStatistics15Minute - 15分组统计发生错误发生一个或多个错误。
 PMSoft.TimingSchedulerServer.Job.TimeIntervalStatistics15Minutename2016-10-13 01:01:45,753 [ServerScheduler_Worker-5] ERROR PMSoft.TimingSchedulerServer.Job.TimeIntervalStatistics15Minute - 15分组统计发生错误发生一个或多个错误。
 PMSoft.TimingSchedulerServer.Job.TimeIntervalStatistics15Minutename2016-10-13 01:15:27,015 [ServerScheduler_Worker-6] ERROR PMSoft.TimingSchedulerServer.Job.TimeIntervalStatistics15Minute - 15分组统计发生错误发生一个或多个错误。
 PMSoft.TimingSchedulerServer.Job.TimeIntervalStatistics15Minutename2016-10-13 01:30:23,019 [ServerScheduler_Worker-7] ERROR PMSoft.TimingSchedulerServer.Job.TimeIntervalStatistics8Hour - 8小时统计发生错误已成功与服务器建立连接，但是在登录前的握手期间发生错误。 (provider: SSL Provider, error: 0 - 等待的操作过时。)
 PMSoft.TimingSchedulerServer.Job.TimeIntervalStatistics8Hourname2016-10-13 01:30:23,019 [ServerScheduler_Worker-9] ERROR PMSoft.TimingSchedulerServer.Job.TimeIntervalStatistics15Minute - 15分组统计发生错误发生一个或多个错误。
 PMSoft.TimingSchedulerServer.Job.TimeIntervalStatistics15Minutename2016-10-13 01:30:23,019 [ServerScheduler_Worker-8] ERROR PMSoft.TimingSchedulerServer.Job.TimeIntervalStatistics1Hour - 1小时统计发生错误已成功与服务器建立连接，但是在登录前的握手期间发生错误。 (provider: SSL Provider, error: 0 - 等待的操作过时。)
 PMSoft.TimingSchedulerServer.Job.TimeIntervalStatistics1Hourname2016-10-13 01:45:27,025 [ServerScheduler_Worker-10] ERROR PMSoft.TimingSchedulerServer.Job.TimeIntervalStatistics15Minute - 15分组统计发生错误发生一个或多个错误。
 PMSoft.TimingSchedulerServer.Job.TimeIntervalStatistics15Minutename2016-10-13 02:00:27,010 [ServerScheduler_Worker-1] ERROR PMSoft.TimingSchedulerServer.Job.TimeIntervalStatistics15Minute - 15分组统计发生错误发生一个或多个错误。
 PMSoft.TimingSchedulerServer.Job.TimeIntervalStatistics15Minutename2016-10-13 02:15:27,003 [ServerScheduler_Worker-3] ERROR PMSoft.TimingSchedulerServer.Job.TimeIntervalStatistics15Minute - 15分组统计发生错误发生一个或多个错误。
 PMSoft.TimingSchedulerServer.Job.TimeIntervalStatistics15Minutename2016-10-13 02:30:54,654 [ServerScheduler_Worker-2] ERROR PMSoft.TimingSchedulerServer.Job.TimeIntervalStatistics1Hour - 1小时统计发生错误在与 SQL Server 建立连接时出现与网络相关的或特定于实例的错误。未找到或无法访问服务器。请验证实例名称是否正确并且 SQL Server 已配置为允许远程连接。 (provider: Named Pipes Provider, error: 40 - 无法打开到 SQL Server 的连接)
 PMSoft.TimingSchedulerServer.Job.TimeIntervalStatistics1Hourname2016-10-13 02:30:54,654 [ServerScheduler_Worker-4] ERROR PMSoft.TimingSchedulerServer.Job.TimeIntervalStatistics15Minute - 15分组统计发生错误发生一个或多个错误。
 PMSoft.TimingSchedulerServer.Job.TimeIntervalStatistics15Minutename2016-10-13 02:46:22,942 [ServerScheduler_Worker-5] ERROR PMSoft.TimingSchedulerServer.Job.TimeIntervalStatistics15Minute - 15分组统计发生错误发生一个或多个错误。
 PMSoft.TimingSchedulerServer.Job.TimeIntervalStatistics15Minutename2016-10-13 03:01:28,443 [ServerScheduler_Worker-6] ERROR PMSoft.TimingSchedulerServer.Job.TimeIntervalStatistics15Minute - 15分组统计发生错误发生一个或多个错误。
 PMSoft.TimingSchedulerServer.Job.TimeIntervalStatistics15Minutename2016-10-13 03:15:27,011 [ServerScheduler_Worker-7] ERROR PMSoft.TimingSchedulerServer.Job.TimeIntervalStatistics15Minute - 15分组统计发生错误发生一个或多个错误。
 PMSoft.TimingSchedulerServer.Job.TimeIntervalStatistics15Minutename2016-10-13 03:30:34,324 [ServerScheduler_Worker-9] ERROR PMSoft.TimingSchedulerServer.Job.TimeIntervalStatistics1Hour - 1小时统计发生错误在与 SQL Server 建立连接时出现与网络相关的或特定于实例的错误。未找到或无法访问服务器。请验证实例名称是否正确并且 SQL Server 已配置为允许远程连接。 (provider: Named Pipes Provider, error: 40 - 无法打开到 SQL Server 的连接)
 PMSoft.TimingSchedulerServer.Job.TimeIntervalStatistics1Hourname2016-10-13 03:30:53,227 [ServerScheduler_Worker-8] ERROR PMSoft.TimingSchedulerServer.Job.TimeIntervalStatistics15Minute - 15分组统计发生错误发生一个或多个错误。
 PMSoft.TimingSchedulerServer.Job.TimeIntervalStatistics15Minutename2016-10-13 03:45:36,913 [ServerScheduler_Worker-10] ERROR PMSoft.TimingSchedulerServer.Job.TimeIntervalStatistics15Minute - 15分组统计发生错误发生一个或多个错误。
 PMSoft.TimingSchedulerServer.Job.TimeIntervalStatistics15Minutename2016-10-13 04:00:36,532 [ServerScheduler_Worker-1] ERROR PMSoft.TimingSchedulerServer.Job.TimeIntervalStatistics15Minute - 15分组统计发生错误发生一个或多个错误。
 PMSoft.TimingSchedulerServer.Job.TimeIntervalStatistics15Minutename2016-10-13 04:15:53,985 [ServerScheduler_Worker-3] ERROR PMSoft.TimingSchedulerServer.Job.TimeIntervalStatistics15Minute - 15分组统计发生错误发生一个或多个错误。
 PMSoft.TimingSchedulerServer.Job.TimeIntervalStatistics15Minutename2016-10-13 04:32:14,854 [ServerScheduler_Worker-2] ERROR PMSoft.TimingSchedulerServer.Job.TimeIntervalStatistics1Hour - 1小时统计发生错误在与 SQL Server 建立连接时出现与网络相关的或特定于实例的错误。未找到或无法访问服务器。请验证实例名称是否正确并且 SQL Server 已配置为允许远程连接。 (provider: Named Pipes Provider, error: 40 - 无法打开到 SQL Server 的连接)
 PMSoft.TimingSchedulerServer.Job.TimeIntervalStatistics1Hourname2016-10-13 04:33:27,335 [ServerScheduler_Worker-4] ERROR PMSoft.TimingSchedulerServer.Job.TimeIntervalStatistics15Minute - 15分组统计发生错误发生一个或多个错误。
 PMSoft.TimingSchedulerServer.Job.TimeIntervalStatistics15Minutename2016-10-13 04:46:26,253 [ServerScheduler_Worker-5] ERROR PMSoft.TimingSchedulerServer.Job.TimeIntervalStatistics15Minute - 15分组统计发生错误发生一个或多个错误。
 PMSoft.TimingSchedulerServer.Job.TimeIntervalStatistics15Minutename2016-10-13 05:00:36,640 [ServerScheduler_Worker-6] ERROR PMSoft.TimingSchedulerServer.Job.TimeIntervalStatistics15Minute - 15分组统计发生错误发生一个或多个错误。
 PMSoft.TimingSchedulerServer.Job.TimeIntervalStatistics15Minutename2016-10-13 05:17:16,823 [ServerScheduler_Worker-7] ERROR PMSoft.TimingSchedulerServer.Job.TimeIntervalStatistics15Minute - 15分组统计发生错误发生一个或多个错误。
 PMSoft.TimingSchedulerServer.Job.TimeIntervalStatistics15Minutename2016-10-13 05:30:25,010 [ServerScheduler_Worker-9] ERROR PMSoft.TimingSchedulerServer.Job.TimeIntervalStatistics1Hour - 1小时统计发生错误已成功与服务器建立连接，但是在登录前的握手期间发生错误。 (provider: SSL Provider, error: 0 - 等待的操作过时。)
 PMSoft.TimingSchedulerServer.Job.TimeIntervalStatistics1Hourname2016-10-13 05:30:25,010 [ServerScheduler_Worker-8] ERROR PMSoft.TimingSchedulerServer.Job.TimeIntervalStatistics15Minute - 15分组统计发生错误发生一个或多个错误。
 PMSoft.TimingSchedulerServer.Job.TimeIntervalStatistics15Minutename2016-10-13 05:45:43,626 [ServerScheduler_Worker-10] ERROR PMSoft.TimingSchedulerServer.Job.TimeIntervalStatistics15Minute - 15分组统计发生错误发生一个或多个错误。
 PMSoft.TimingSchedulerServer.Job.TimeIntervalStatistics15Minutename2016-10-13 06:01:35,713 [ServerScheduler_Worker-1] ERROR PMSoft.TimingSchedulerServer.Job.TimeIntervalStatistics15Minute - 15分组统计发生错误发生一个或多个错误。
 PMSoft.TimingSchedulerServer.Job.TimeIntervalStatistics15Minutename2016-10-13 06:15:45,944 [ServerScheduler_Worker-3] ERROR PMSoft.TimingSchedulerServer.Job.TimeIntervalStatistics15Minute - 15分组统计发生错误发生一个或多个错误。
 PMSoft.TimingSchedulerServer.Job.TimeIntervalStatistics15Minutename2016-10-13 06:30:41,610 [ServerScheduler_Worker-2] ERROR PMSoft.TimingSchedulerServer.Job.TimeIntervalStatistics1Hour - 1小时统计发生错误在与 SQL Server 建立连接时出现与网络相关的或特定于实例的错误。未找到或无法访问服务器。请验证实例名称是否正确并且 SQL Server 已配置为允许远程连接。 (provider: Named Pipes Provider, error: 40 - 无法打开到 SQL Server 的连接)
 PMSoft.TimingSchedulerServer.Job.TimeIntervalStatistics1Hourname2016-10-13 06:31:33,432 [ServerScheduler_Worker-4] ERROR PMSoft.TimingSchedulerServer.Job.TimeIntervalStatistics15Minute - 15分组统计发生错误发生一个或多个错误。
 PMSoft.TimingSchedulerServer.Job.TimeIntervalStatistics15Minutename2016-10-13 06:46:41,736 [ServerScheduler_Worker-5] ERROR PMSoft.TimingSchedulerServer.Job.TimeIntervalStatistics15Minute - 15分组统计发生错误发生一个或多个错误。
 PMSoft.TimingSchedulerServer.Job.TimeIntervalStatistics15Minutename2016-10-13 07:02:37,609 [ServerScheduler_Worker-6] ERROR PMSoft.TimingSchedulerServer.Job.TimeIntervalStatistics15Minute - 15分组统计发生错误发生一个或多个错误。
 PMSoft.TimingSchedulerServer.Job.TimeIntervalStatistics15Minutename2016-10-13 07:15:52,228 [ServerScheduler_Worker-7] ERROR PMSoft.TimingSchedulerServer.Job.TimeIntervalStatistics15Minute - 15分组统计发生错误发生一个或多个错误。
 PMSoft.TimingSchedulerServer.Job.TimeIntervalStatistics15Minutename2016-10-13 07:30:25,013 [ServerScheduler_Worker-9] ERROR PMSoft.TimingSchedulerServer.Job.TimeIntervalStatistics1Hour - 1小时统计发生错误已成功与服务器建立连接，但是在登录前的握手期间发生错误。 (provider: SSL Provider, error: 0 - 等待的操作过时。)
 PMSoft.TimingSchedulerServer.Job.TimeIntervalStatistics1Hourname2016-10-13 07:30:25,013 [ServerScheduler_Worker-8] ERROR PMSoft.TimingSchedulerServer.Job.TimeIntervalStatistics15Minute - 15分组统计发生错误发生一个或多个错误。
 PMSoft.TimingSchedulerServer.Job.TimeIntervalStatistics15Minutename2016-10-13 07:45:47,771 [ServerScheduler_Worker-10] ERROR PMSoft.TimingSchedulerServer.Job.TimeIntervalStatistics15Minute - 15分组统计发生错误发生一个或多个错误。
 PMSoft.TimingSchedulerServer.Job.TimeIntervalStatistics15Minutename2016-10-13 08:01:14,648 [ServerScheduler_Worker-1] ERROR PMSoft.TimingSchedulerServer.Job.TimeIntervalStatistics15Minute - 15分组统计发生错误发生一个或多个错误。
 PMSoft.TimingSchedulerServer.Job.TimeIntervalStatistics15Minutename2016-10-13 08:15:27,009 [ServerScheduler_Worker-3] ERROR PMSoft.TimingSchedulerServer.Job.TimeIntervalStatistics15Minute - 15分组统计发生错误发生一个或多个错误。
 PMSoft.TimingSchedulerServer.Job.TimeIntervalStatistics15Minutename2016-10-13 08:30:25,012 [ServerScheduler_Worker-2] ERROR PMSoft.TimingSchedulerServer.Job.TimeIntervalStatistics1Hour - 1小时统计发生错误连接超时时间已到。在尝试使用预登录握手确认时超过了此超时时间。这可能是因为预登录握手失败或服务器未能及时响应。  尝试连接到此服务器时花费的持续时间是 - [Pre-Login] initialization=5369；handshake=9643；
 PMSoft.TimingSchedulerServer.Job.TimeIntervalStatistics1Hourname2016-10-13 08:30:25,012 [ServerScheduler_Worker-4] ERROR PMSoft.TimingSchedulerServer.Job.TimeIntervalStatistics15Minute - 15分组统计发生错误发生一个或多个错误。
 PMSoft.TimingSchedulerServer.Job.TimeIntervalStatistics15Minutename2016-10-13 08:46:25,617 [ServerScheduler_Worker-5] ERROR PMSoft.TimingSchedulerServer.Job.TimeIntervalStatistics15Minute - 15分组统计发生错误发生一个或多个错误。
 PMSoft.TimingSchedulerServer.Job.TimeIntervalStatistics15Minutename2016-10-13 09:00:22,027 [ServerScheduler_Worker-6] ERROR PMSoft.TimingSchedulerServer.Job.TimeIntervalStatistics15Minute - 15分组统计发生错误发生一个或多个错误。
 PMSoft.TimingSchedulerServer.Job.TimeIntervalStatistics15Minutename2016-10-13 09:15:22,017 [ServerScheduler_Worker-7] ERROR PMSoft.TimingSchedulerServer.Job.TimeIntervalStatistics15Minute - 15分组统计发生错误发生一个或多个错误。
 PMSoft.TimingSchedulerServer.Job.TimeIntervalStatistics15Minutename2016-10-13 09:30:22,020 [ServerScheduler_Worker-10] ERROR PMSoft.TimingSchedulerServer.Job.TimeIntervalStatistics15Minute - 15分组统计发生错误发生一个或多个错误。
 PMSoft.TimingSchedulerServer.Job.TimeIntervalStatistics15Minutename2016-10-13 09:45:22,017 [ServerScheduler_Worker-1] ERROR PMSoft.TimingSchedulerServer.Job.TimeIntervalStatistics15Minute - 15分组统计发生错误发生一个或多个错误。
 PMSoft.TimingSchedulerServer.Job.TimeIntervalStatistics15Minutename2016-10-13 10:00:22,019 [ServerScheduler_Worker-3] ERROR PMSoft.TimingSchedulerServer.Job.TimeIntervalStatistics15Minute - 15分组统计发生错误发生一个或多个错误。
 PMSoft.TimingSchedulerServer.Job.TimeIntervalStatistics15Minutename2016-10-13 10:15:22,020 [ServerScheduler_Worker-2] ERROR PMSoft.TimingSchedulerServer.Job.TimeIntervalStatistics15Minute - 15分组统计发生错误发生一个或多个错误。
 PMSoft.TimingSchedulerServer.Job.TimeIntervalStatistics15Minutename2016-10-13 10:30:22,022 [ServerScheduler_Worker-5] ERROR PMSoft.TimingSchedulerServer.Job.TimeIntervalStatistics15Minute - 15分组统计发生错误发生一个或多个错误。
 PMSoft.TimingSchedulerServer.Job.TimeIntervalStatistics15Minutename2016-10-13 10:45:22,021 [ServerScheduler_Worker-6] ERROR PMSoft.TimingSchedulerServer.Job.TimeIntervalStatistics15Minute - 15分组统计发生错误发生一个或多个错误。
 PMSoft.TimingSchedulerServer.Job.TimeIntervalStatistics15Minutename2016-10-13 11:00:22,018 [ServerScheduler_Worker-7] ERROR PMSoft.TimingSchedulerServer.Job.TimeIntervalStatistics15Minute - 15分组统计发生错误发生一个或多个错误。
 PMSoft.TimingSchedulerServer.Job.TimeIntervalStatistics15Minutename2016-10-13 11:15:22,019 [ServerScheduler_Worker-9] ERROR PMSoft.TimingSchedulerServer.Job.TimeIntervalStatistics15Minute - 15分组统计发生错误发生一个或多个错误。
 PMSoft.TimingSchedulerServer.Job.TimeIntervalStatistics15Minutename2016-10-13 11:30:22,014 [ServerScheduler_Worker-10] ERROR PMSoft.TimingSchedulerServer.Job.TimeIntervalStatistics15Minute - 15分组统计发生错误发生一个或多个错误。
 PMSoft.TimingSchedulerServer.Job.TimeIntervalStatistics15Minutename2016-10-13 11:45:22,021 [ServerScheduler_Worker-1] ERROR PMSoft.TimingSchedulerServer.Job.TimeIntervalStatistics15Minute - 15分组统计发生错误发生一个或多个错误。
 PMSoft.TimingSchedulerServer.Job.TimeIntervalStatistics15Minutename2016-10-13 12:00:22,029 [ServerScheduler_Worker-3] ERROR PMSoft.TimingSchedulerServer.Job.TimeIntervalStatistics15Minute - 15分组统计发生错误发生一个或多个错误。
 PMSoft.TimingSchedulerServer.Job.TimeIntervalStatistics15Minutename2016-10-13 12:15:22,018 [ServerScheduler_Worker-2] ERROR PMSoft.TimingSchedulerServer.Job.TimeIntervalStatistics15Minute - 15分组统计发生错误发生一个或多个错误。
 PMSoft.TimingSchedulerServer.Job.TimeIntervalStatistics15Minutename2016-10-13 12:30:22,036 [ServerScheduler_Worker-5] ERROR PMSoft.TimingSchedulerServer.Job.TimeIntervalStatistics15Minute - 15分组统计发生错误发生一个或多个错误。
 PMSoft.TimingSchedulerServer.Job.TimeIntervalStatistics15Minutename2016-10-13 12:45:22,017 [ServerScheduler_Worker-6] ERROR PMSoft.TimingSchedulerServer.Job.TimeIntervalStatistics15Minute - 15分组统计发生错误发生一个或多个错误。
 PMSoft.TimingSchedulerServer.Job.TimeIntervalStatistics15Minutename2016-10-13 13:00:22,017 [ServerScheduler_Worker-7] ERROR PMSoft.TimingSchedulerServer.Job.TimeIntervalStatistics15Minute - 15分组统计发生错误发生一个或多个错误。
 PMSoft.TimingSchedulerServer.Job.TimeIntervalStatistics15Minutename2016-10-13 13:15:22,018 [ServerScheduler_Worker-9] ERROR PMSoft.TimingSchedulerServer.Job.TimeIntervalStatistics15Minute - 15分组统计发生错误发生一个或多个错误。
 PMSoft.TimingSchedulerServer.Job.TimeIntervalStatistics15Minutename2016-10-13 13:30:22,014 [ServerScheduler_Worker-10] ERROR PMSoft.TimingSchedulerServer.Job.TimeIntervalStatistics15Minute - 15分组统计发生错误发生一个或多个错误。
 PMSoft.TimingSchedulerServer.Job.TimeIntervalStatistics15Minutename2016-10-13 13:45:22,042 [ServerScheduler_Worker-1] ERROR PMSoft.TimingSchedulerServer.Job.TimeIntervalStatistics15Minute - 15分组统计发生错误发生一个或多个错误。
 PMSoft.TimingSchedulerServer.Job.TimeIntervalStatistics15Minutename2016-10-13 14:00:22,022 [ServerScheduler_Worker-3] ERROR PMSoft.TimingSchedulerServer.Job.TimeIntervalStatistics15Minute - 15分组统计发生错误发生一个或多个错误。
 PMSoft.TimingSchedulerServer.Job.TimeIntervalStatistics15Minutename2016-10-13 14:15:43,511 [ServerScheduler_Worker-2] ERROR PMSoft.TimingSchedulerServer.Job.TimeIntervalStatistics15Minute - 15分组统计发生错误发生一个或多个错误。
 PMSoft.TimingSchedulerServer.Job.TimeIntervalStatistics15Minutename2016-10-13 14:30:41,512 [ServerScheduler_Worker-4] ERROR PMSoft.TimingSchedulerServer.Job.TimeIntervalStatistics1Hour - 1小时统计发生错误在与 SQL Server 建立连接时出现与网络相关的或特定于实例的错误。未找到或无法访问服务器。请验证实例名称是否正确并且 SQL Server 已配置为允许远程连接。 (provider: Named Pipes Provider, error: 40 - 无法打开到 SQL Server 的连接)
 PMSoft.TimingSchedulerServer.Job.TimeIntervalStatistics1Hourname2016-10-13 14:30:43,114 [ServerScheduler_Worker-5] ERROR PMSoft.TimingSchedulerServer.Job.TimeIntervalStatistics15Minute - 15分组统计发生错误发生一个或多个错误。
 PMSoft.TimingSchedulerServer.Job.TimeIntervalStatistics15Minutename2016-10-13 14:45:43,515 [ServerScheduler_Worker-6] ERROR PMSoft.TimingSchedulerServer.Job.TimeIntervalStatistics15Minute - 15分组统计发生错误发生一个或多个错误。
 PMSoft.TimingSchedulerServer.Job.TimeIntervalStatistics15Minutename2016-10-13 15:00:22,023 [ServerScheduler_Worker-7] ERROR PMSoft.TimingSchedulerServer.Job.TimeIntervalStatistics15Minute - 15分组统计发生错误发生一个或多个错误。
 PMSoft.TimingSchedulerServer.Job.TimeIntervalStatistics15Minutename2016-10-13 15:15:22,021 [ServerScheduler_Worker-9] ERROR PMSoft.TimingSchedulerServer.Job.TimeIntervalStatistics15Minute - 15分组统计发生错误发生一个或多个错误。
 PMSoft.TimingSchedulerServer.Job.TimeIntervalStatistics15Minutename2016-10-13 15:30:22,012 [ServerScheduler_Worker-10] ERROR PMSoft.TimingSchedulerServer.Job.TimeIntervalStatistics15Minute - 15分组统计发生错误发生一个或多个错误。
 PMSoft.TimingSchedulerServer.Job.TimeIntervalStatistics15Minutename2016-10-13 15:45:22,021 [ServerScheduler_Worker-1] ERROR PMSoft.TimingSchedulerServer.Job.TimeIntervalStatistics15Minute - 15分组统计发生错误发生一个或多个错误。
 PMSoft.TimingSchedulerServer.Job.TimeIntervalStatistics15Minutename2016-10-13 16:00:22,021 [ServerScheduler_Worker-3] ERROR PMSoft.TimingSchedulerServer.Job.TimeIntervalStatistics15Minute - 15分组统计发生错误发生一个或多个错误。
 PMSoft.TimingSchedulerServer.Job.TimeIntervalStatistics15Minutename2016-10-13 16:15:22,027 [ServerScheduler_Worker-2] ERROR PMSoft.TimingSchedulerServer.Job.TimeIntervalStatistics15Minute - 15分组统计发生错误发生一个或多个错误。
 PMSoft.TimingSchedulerServer.Job.TimeIntervalStatistics15Minutename2016-10-13 16:30:22,014 [ServerScheduler_Worker-5] ERROR PMSoft.TimingSchedulerServer.Job.TimeIntervalStatistics15Minute - 15分组统计发生错误发生一个或多个错误。
 PMSoft.TimingSchedulerServer.Job.TimeIntervalStatistics15Minutename2016-10-13 16:45:22,019 [ServerScheduler_Worker-6] ERROR PMSoft.TimingSchedulerServer.Job.TimeIntervalStatistics15Minute - 15分组统计发生错误发生一个或多个错误。
 PMSoft.TimingSchedulerServer.Job.TimeIntervalStatistics15Minutename2016-10-13 17:00:22,021 [ServerScheduler_Worker-7] ERROR PMSoft.TimingSchedulerServer.Job.TimeIntervalStatistics15Minute - 15分组统计发生错误发生一个或多个错误。
 PMSoft.TimingSchedulerServer.Job.TimeIntervalStatistics15Minutename2016-10-13 17:15:22,020 [ServerScheduler_Worker-9] ERROR PMSoft.TimingSchedulerServer.Job.TimeIntervalStatistics15Minute - 15分组统计发生错误发生一个或多个错误。
 PMSoft.TimingSchedulerServer.Job.TimeIntervalStatistics15Minutename2016-10-13 17:30:22,017 [ServerScheduler_Worker-3] ERROR PMSoft.TimingSchedulerServer.Job.TimeIntervalStatistics15Minute - 15分组统计发生错误发生一个或多个错误。
 PMSoft.TimingSchedulerServer.Job.TimeIntervalStatistics15Minutename2016-10-13 17:45:22,020 [ServerScheduler_Worker-2] ERROR PMSoft.TimingSchedulerServer.Job.TimeIntervalStatistics15Minute - 15分组统计发生错误发生一个或多个错误。
 PMSoft.TimingSchedulerServer.Job.TimeIntervalStatistics15Minutename2016-10-13 18:00:22,025 [ServerScheduler_Worker-4] ERROR PMSoft.TimingSchedulerServer.Job.TimeIntervalStatistics15Minute - 15分组统计发生错误发生一个或多个错误。
 PMSoft.TimingSchedulerServer.Job.TimeIntervalStatistics15Minutename2016-10-13 18:15:22,019 [ServerScheduler_Worker-5] ERROR PMSoft.TimingSchedulerServer.Job.TimeIntervalStatistics15Minute - 15分组统计发生错误发生一个或多个错误。
 PMSoft.TimingSchedulerServer.Job.TimeIntervalStatistics15Minutename2016-10-13 18:30:22,022 [ServerScheduler_Worker-7] ERROR PMSoft.TimingSchedulerServer.Job.TimeIntervalStatistics15Minute - 15分组统计发生错误发生一个或多个错误。
 PMSoft.TimingSchedulerServer.Job.TimeIntervalStatistics15Minutename2016-10-13 18:45:22,018 [ServerScheduler_Worker-9] ERROR PMSoft.TimingSchedulerServer.Job.TimeIntervalStatistics15Minute - 15分组统计发生错误发生一个或多个错误。
 PMSoft.TimingSchedulerServer.Job.TimeIntervalStatistics15Minutename2016-10-13 19:00:22,025 [ServerScheduler_Worker-8] ERROR PMSoft.TimingSchedulerServer.Job.TimeIntervalStatistics15Minute - 15分组统计发生错误发生一个或多个错误。
 PMSoft.TimingSchedulerServer.Job.TimeIntervalStatistics15Minutename2016-10-13 19:15:22,019 [ServerScheduler_Worker-10] ERROR PMSoft.TimingSchedulerServer.Job.TimeIntervalStatistics15Minute - 15分组统计发生错误发生一个或多个错误。
 PMSoft.TimingSchedulerServer.Job.TimeIntervalStatistics15Minutename2016-10-13 19:30:22,029 [ServerScheduler_Worker-3] ERROR PMSoft.TimingSchedulerServer.Job.TimeIntervalStatistics15Minute - 15分组统计发生错误发生一个或多个错误。
 PMSoft.TimingSchedulerServer.Job.TimeIntervalStatistics15Minutename2016-10-13 19:45:22,018 [ServerScheduler_Worker-2] ERROR PMSoft.TimingSchedulerServer.Job.TimeIntervalStatistics15Minute - 15分组统计发生错误发生一个或多个错误。
 PMSoft.TimingSchedulerServer.Job.TimeIntervalStatistics15Minutename2016-10-13 20:00:22,021 [ServerScheduler_Worker-4] ERROR PMSoft.TimingSchedulerServer.Job.TimeIntervalStatistics15Minute - 15分组统计发生错误发生一个或多个错误。
 PMSoft.TimingSchedulerServer.Job.TimeIntervalStatistics15Minutename2016-10-13 20:15:22,019 [ServerScheduler_Worker-5] ERROR PMSoft.TimingSchedulerServer.Job.TimeIntervalStatistics15Minute - 15分组统计发生错误发生一个或多个错误。
 PMSoft.TimingSchedulerServer.Job.TimeIntervalStatistics15Minutename2016-10-13 20:30:22,013 [ServerScheduler_Worker-7] ERROR PMSoft.TimingSchedulerServer.Job.TimeIntervalStatistics15Minute - 15分组统计发生错误发生一个或多个错误。
 PMSoft.TimingSchedulerServer.Job.TimeIntervalStatistics15Minutename2016-10-13 20:45:22,018 [ServerScheduler_Worker-9] ERROR PMSoft.TimingSchedulerServer.Job.TimeIntervalStatistics15Minute - 15分组统计发生错误发生一个或多个错误。
 PMSoft.TimingSchedulerServer.Job.TimeIntervalStatistics15Minutename2016-10-13 21:00:22,020 [ServerScheduler_Worker-8] ERROR PMSoft.TimingSchedulerServer.Job.TimeIntervalStatistics15Minute - 15分组统计发生错误发生一个或多个错误。
 PMSoft.TimingSchedulerServer.Job.TimeIntervalStatistics15Minutename2016-10-13 21:15:22,020 [ServerScheduler_Worker-10] ERROR PMSoft.TimingSchedulerServer.Job.TimeIntervalStatistics15Minute - 15分组统计发生错误发生一个或多个错误。
 PMSoft.TimingSchedulerServer.Job.TimeIntervalStatistics15Minutename2016-10-13 21:30:22,013 [ServerScheduler_Worker-3] ERROR PMSoft.TimingSchedulerServer.Job.TimeIntervalStatistics15Minute - 15分组统计发生错误发生一个或多个错误。
 PMSoft.TimingSchedulerServer.Job.TimeIntervalStatistics15Minutename2016-10-13 21:45:22,019 [ServerScheduler_Worker-2] ERROR PMSoft.TimingSchedulerServer.Job.TimeIntervalStatistics15Minute - 15分组统计发生错误发生一个或多个错误。
 PMSoft.TimingSchedulerServer.Job.TimeIntervalStatistics15Minutename2016-10-13 22:00:28,354 [ServerScheduler_Worker-4] ERROR PMSoft.TimingSchedulerServer.Job.TimeIntervalStatistics15Minute - 15分组统计发生错误发生一个或多个错误。
 PMSoft.TimingSchedulerServer.Job.TimeIntervalStatistics15Minutename2016-10-13 22:15:22,025 [ServerScheduler_Worker-5] ERROR PMSoft.TimingSchedulerServer.Job.TimeIntervalStatistics15Minute - 15分组统计发生错误发生一个或多个错误。
 PMSoft.TimingSchedulerServer.Job.TimeIntervalStatistics15Minutename2016-10-13 22:30:22,014 [ServerScheduler_Worker-7] ERROR PMSoft.TimingSchedulerServer.Job.TimeIntervalStatistics15Minute - 15分组统计发生错误发生一个或多个错误。
 PMSoft.TimingSchedulerServer.Job.TimeIntervalStatistics15Minutename2016-10-13 22:45:22,019 [ServerScheduler_Worker-9] ERROR PMSoft.TimingSchedulerServer.Job.TimeIntervalStatistics15Minute - 15分组统计发生错误发生一个或多个错误。
 PMSoft.TimingSchedulerServer.Job.TimeIntervalStatistics15Minutename2016-10-13 23:00:22,021 [ServerScheduler_Worker-8] ERROR PMSoft.TimingSchedulerServer.Job.TimeIntervalStatistics15Minute - 15分组统计发生错误发生一个或多个错误。
 PMSoft.TimingSchedulerServer.Job.TimeIntervalStatistics15Minutename2016-10-13 23:15:22,019 [ServerScheduler_Worker-10] ERROR PMSoft.TimingSchedulerServer.Job.TimeIntervalStatistics15Minute - 15分组统计发生错误发生一个或多个错误。
 PMSoft.TimingSchedulerServer.Job.TimeIntervalStatistics15Minutename2016-10-13 23:30:22,013 [ServerScheduler_Worker-3] ERROR PMSoft.TimingSchedulerServer.Job.TimeIntervalStatistics15Minute - 15分组统计发生错误发生一个或多个错误。
 PMSoft.TimingSchedulerServer.Job.TimeIntervalStatistics15Minutename2016-10-13 23:45:22,021 [ServerScheduler_Worker-2] ERROR PMSoft.TimingSchedulerServer.Job.TimeIntervalStatistics15Minute - 15分组统计发生错误发生一个或多个错误。
 PMSoft.TimingSchedulerServer.Job.TimeIntervalStatistics15Minutename